In file included from [01m[K/home/lowjunen/StanfordMSL/TrajBridge-PX4/src/bridge_px4/src/setpoint_publisher_node.cpp:1:0[m[K:
[01m[K/home/lowjunen/StanfordMSL/TrajBridge-PX4/src/bridge_px4/include/bridge_px4/setpoint_publisher_node.h:[m[K In constructor â€˜[01m[KSetpointPublisher::SetpointPublisher(ros::NodeHandle*)[m[Kâ€™:
[01m[K/home/lowjunen/StanfordMSL/TrajBridge-PX4/src/bridge_px4/include/bridge_px4/setpoint_publisher_node.h:26:7:[m[K [01;31m[Kerror: [m[Kâ€˜[01m[Kmode[m[Kâ€™ was not declared in this scope
       [01;31m[Kmode[m[K = 0;
       [01;31m[K^~~~[m[K
[01m[K/home/lowjunen/StanfordMSL/TrajBridge-PX4/src/bridge_px4/include/bridge_px4/setpoint_publisher_node.h:26:7:[m[K [01;36m[Knote: [m[Ksuggested alternative: â€˜[01m[Kmodf[m[Kâ€™
       [01;36m[Kmode[m[K = 0;
       [01;36m[K^~~~[m[K
       [32m[Kmodf[m[K
make[2]: *** [CMakeFiles/setpoint_publisher_node.dir/src/setpoint_publisher_node.cpp.o] Error 1
make[1]: *** [CMakeFiles/setpoint_publisher_node.dir/all] Error 2
make: *** [all] Error 2
