In file included from [01m[K/home/lowjunen/StanfordMSL/TrajBridge-PX4/src/bridge_px4/src/setpoint_publisher_node.cpp:1:0[m[K:
[01m[K/home/lowjunen/StanfordMSL/TrajBridge-PX4/src/bridge_px4/include/bridge_px4/setpoint_publisher_node.h:14:10:[m[K [01;31m[Kfatal error: [m[Kros/ros.h: No such file or directory
 #include [01;31m[K"ros/ros.h"[m[K
          [01;31m[K^~~~~~~~~~~[m[K
compilation terminated.
make[2]: *** [CMakeFiles/setpoint_publisher_node.dir/src/setpoint_publisher_node.cpp.o] Error 1
make[1]: *** [CMakeFiles/setpoint_publisher_node.dir/all] Error 2
make: *** [all] Error 2
